TN:
SF:src/ast/utils.ts
FN:28,walk
FN:54,walkDocument
FN:67,find
FN:91,findAll
FN:110,findByType
FN:123,countNodes
FN:137,getMaxDepth
FN:154,getAncestors
FN:157,findPath
FN:185,mapNodes
FN:199,cloneNode
FN:210,contains
FN:232,getNodeTypes
FNF:13
FNH:13
FNDA:280,walk
FNDA:2,walkDocument
FNDA:50,find
FNDA:19,findAll
FNDA:14,findByType
FNDA:4,countNodes
FNDA:4,getMaxDepth
FNDA:5,getAncestors
FNDA:28,findPath
FNDA:2,mapNodes
FNDA:3,cloneNode
FNDA:28,contains
FNDA:4,getNodeTypes
DA:8,1
DA:28,1
DA:29,280
DA:30,280
DA:31,280
DA:32,280
DA:33,280
DA:34,280
DA:37,280
DA:38,2
DA:39,2
DA:41,280
DA:42,165
DA:43,238
DA:44,238
DA:45,165
DA:46,280
DA:54,1
DA:55,2
DA:56,2
DA:57,2
DA:58,2
DA:67,1
DA:68,50
DA:69,5
DA:70,5
DA:72,50
DA:73,30
DA:74,43
DA:75,43
DA:76,16
DA:77,16
DA:78,43
DA:79,14
DA:81,29
DA:82,29
DA:91,1
DA:92,19
DA:94,19
DA:95,133
DA:96,26
DA:97,26
DA:98,19
DA:100,19
DA:101,19
DA:110,1
DA:111,14
DA:112,14
DA:113,14
DA:114,14
DA:115,14
DA:123,1
DA:124,4
DA:125,4
DA:126,22
DA:127,4
DA:128,4
DA:129,4
DA:137,1
DA:138,4
DA:139,4
DA:140,23
DA:141,11
DA:142,11
DA:143,4
DA:144,4
DA:145,4
DA:154,1
DA:155,5
DA:157,5
DA:158,28
DA:159,3
DA:160,3
DA:161,3
DA:163,28
DA:164,16
DA:165,23
DA:166,6
DA:167,6
DA:168,23
DA:169,10
DA:171,19
DA:172,28
DA:174,5
DA:175,5
DA:176,5
DA:185,1
DA:186,2
DA:187,2
DA:188,6
DA:189,2
DA:190,2
DA:191,2
DA:199,1
DA:200,3
DA:201,3
DA:210,1
DA:211,28
DA:212,3
DA:213,3
DA:215,28
DA:216,16
DA:217,23
DA:218,6
DA:219,6
DA:220,23
DA:221,10
DA:223,19
DA:224,19
DA:232,1
DA:233,4
DA:234,4
DA:235,28
DA:236,4
DA:237,4
DA:238,4
LF:116
LH:116
BRDA:28,0,0,280
BRDA:37,1,0,2
BRDA:39,2,0,278
BRDA:41,3,0,165
BRDA:42,4,0,238
BRDA:54,5,0,2
BRDA:67,6,0,50
BRDA:68,7,0,5
BRDA:70,8,0,45
BRDA:72,9,0,30
BRDA:73,10,0,43
BRDA:75,11,0,16
BRDA:78,12,0,14
BRDA:79,13,0,29
BRDA:91,14,0,19
BRDA:94,15,0,133
BRDA:95,16,0,26
BRDA:110,17,0,14
BRDA:114,18,0,96
BRDA:123,19,0,4
BRDA:125,20,0,22
BRDA:137,21,0,4
BRDA:139,22,0,23
BRDA:140,23,0,11
BRDA:154,24,0,5
BRDA:157,25,0,28
BRDA:158,26,0,3
BRDA:161,27,0,25
BRDA:163,28,0,16
BRDA:164,29,0,23
BRDA:165,30,0,6
BRDA:168,31,0,10
BRDA:169,32,0,19
BRDA:185,33,0,2
BRDA:187,34,0,6
BRDA:199,35,0,3
BRDA:210,36,0,28
BRDA:211,37,0,3
BRDA:213,38,0,25
BRDA:215,39,0,16
BRDA:216,40,0,23
BRDA:217,41,0,6
BRDA:220,42,0,10
BRDA:221,43,0,19
BRDA:232,44,0,4
BRDA:234,45,0,28
BRF:46
BRH:46
end_of_record
TN:
SF:src/parser/index.ts
FN:82,parse
FN:97,tryParse
FN:127,enhanceError
FN:145,formatErrorMessage
FN:181,escapeString
FN:196,isValid
FN:211,getErrors
FNF:7
FNH:7
FNDA:2586,parse
FNDA:5,tryParse
FNDA:36,enhanceError
FNDA:36,formatErrorMessage
FNDA:33,escapeString
FNDA:2,isValid
FNDA:2,getErrors
DA:9,1
DA:82,1
DA:83,2586
DA:84,2586
DA:85,2586
DA:86,36
DA:87,36
DA:88,2586
DA:97,1
DA:98,5
DA:99,5
DA:100,5
DA:101,5
DA:102,3
DA:103,3
DA:104,3
DA:105,3
DA:106,3
DA:107,3
DA:108,3
DA:109,3
DA:110,3
DA:111,3
DA:112,3
DA:113,3
DA:114,3
DA:115,0
DA:116,3
DA:117,3
DA:118,3
DA:119,3
DA:120,3
DA:121,3
DA:122,5
DA:127,36
DA:128,36
DA:129,36
DA:130,36
DA:131,36
DA:132,36
DA:133,36
DA:134,36
DA:135,36
DA:136,36
DA:139,0
DA:140,0
DA:145,36
DA:146,36
DA:147,36
DA:148,36
DA:151,36
DA:152,36
DA:153,36
DA:154,36
DA:155,36
DA:156,36
DA:158,36
DA:159,7
DA:160,36
DA:161,1
DA:162,29
DA:163,28
DA:164,28
DA:165,28
DA:167,36
DA:168,17
DA:169,17
DA:170,36
DA:173,36
DA:175,36
DA:176,36
DA:181,33
DA:182,33
DA:183,33
DA:184,33
DA:185,33
DA:186,33
DA:187,33
DA:188,33
DA:196,1
DA:197,2
DA:198,2
DA:199,2
DA:200,2
DA:201,1
DA:202,1
DA:203,2
DA:211,1
DA:212,2
DA:213,2
DA:214,2
LF:91
LH:88
BRDA:82,0,0,2586
BRDA:85,1,0,36
BRDA:97,2,0,5
BRDA:101,3,0,3
BRDA:114,4,0,0
BRDA:116,5,0,48
BRDA:116,6,0,45
BRDA:116,7,0,2
BRDA:127,8,0,36
BRDA:133,9,0,0
BRDA:136,10,0,0
BRDA:145,11,0,36
BRDA:147,12,0,0
BRDA:148,13,0,0
BRDA:158,14,0,7
BRDA:160,15,0,29
BRDA:160,16,0,1
BRDA:162,17,0,28
BRDA:167,18,0,17
BRDA:173,19,0,3
BRDA:173,20,0,33
BRDA:154,21,0,735
BRDA:154,22,0,683
BRDA:154,23,0,7
BRDA:155,24,0,735
BRDA:181,25,0,33
BRDA:196,26,0,2
BRDA:200,27,0,1
BRDA:211,28,0,2
BRF:29
BRH:24
end_of_record
TN:
SF:src/renderer/index.ts
FN:26,render
FN:38,renderToHtml
FN:64,renderToSvg
FNF:3
FNH:3
FNDA:2435,render
FNDA:4,renderToHtml
FNDA:235,renderToSvg
DA:8,1
DA:9,1
DA:13,1
DA:14,1
DA:15,1
DA:16,1
DA:17,1
DA:26,1
DA:27,2435
DA:28,2435
DA:29,2435
DA:38,1
DA:39,4
DA:41,4
DA:48,4
DA:52,4
DA:55,4
DA:64,1
DA:65,235
DA:66,235
DA:67,235
DA:68,235
DA:69,235
LF:23
LH:23
BRDA:26,0,0,2435
BRDA:38,1,0,4
BRDA:64,2,0,235
BRF:3
BRH:3
end_of_record
TN:
SF:src/renderer/styles-components.ts
FN:15,generateComponentStyles
FN:35,generateContainerStyles
FN:168,generateTextStyles
FN:223,generateInputStyles
FN:384,generateButtonStyles
FN:494,generateDisplayStyles
FN:580,generateDataStyles
FN:642,generateFeedbackStyles
FN:735,generateOverlayStyles
FN:837,generateNavigationStyles
FN:931,generateAccessibilityStyles
FNF:11
FNH:11
FNDA:2448,generateComponentStyles
FNDA:2448,generateContainerStyles
FNDA:2448,generateTextStyles
FNDA:2448,generateInputStyles
FNDA:2448,generateButtonStyles
FNDA:2448,generateDisplayStyles
FNDA:2448,generateDataStyles
FNDA:2448,generateFeedbackStyles
FNDA:2448,generateOverlayStyles
FNDA:2448,generateNavigationStyles
FNDA:2448,generateAccessibilityStyles
DA:15,1
DA:16,2448
DA:17,2448
DA:18,2448
DA:19,2448
DA:20,2448
DA:21,2448
DA:22,2448
DA:23,2448
DA:24,2448
DA:25,2448
DA:26,2448
DA:27,2448
DA:29,2448
DA:30,2448
DA:35,2448
DA:36,2448
DA:37,2448
DA:38,2448
DA:39,2448
DA:40,2448
DA:44,2448
DA:50,2448
DA:51,2448
DA:52,2448
DA:53,2448
DA:55,2448
DA:68,2448
DA:69,2448
DA:70,2448
DA:71,2448
DA:72,2448
DA:80,2448
DA:86,2448
DA:88,2448
DA:89,2448
DA:90,2448
DA:96,2448
DA:101,2448
DA:104,2448
DA:109,2448
DA:112,2448
DA:118,2448
DA:121,2448
DA:127,2448
DA:130,2448
DA:136,2448
DA:137,2448
DA:138,2448
DA:141,2448
DA:149,2448
DA:156,2448
DA:160,2448
DA:163,2448
DA:168,2448
DA:169,2448
DA:170,2448
DA:175,2448
DA:176,2448
DA:177,2448
DA:178,2448
DA:179,2448
DA:180,2448
DA:181,2448
DA:182,2448
DA:184,2448
DA:185,2448
DA:186,2448
DA:187,2448
DA:189,2448
DA:190,2448
DA:191,2448
DA:192,2448
DA:194,2448
DA:196,2448
DA:202,2448
DA:203,2448
DA:204,2448
DA:205,2448
DA:206,2448
DA:207,2448
DA:209,2448
DA:210,2448
DA:215,2448
DA:218,2448
DA:223,2448
DA:224,2448
DA:225,2448
DA:229,2448
DA:236,2448
DA:237,2448
DA:238,2448
DA:242,2448
DA:243,2448
DA:246,2448
DA:247,2448
DA:251,2448
DA:252,2448
DA:253,2448
DA:255,2448
DA:259,2448
DA:260,2448
DA:261,2448
DA:267,2448
DA:268,2448
DA:269,2448
DA:272,2448
DA:273,2448
DA:276,2448
DA:281,2448
DA:289,2448
DA:290,2448
DA:297,2448
DA:298,2448
DA:305,2448
DA:306,2448
DA:310,2448
DA:317,2448
DA:321,2448
DA:328,2448
DA:341,2448
DA:342,2448
DA:345,2448
DA:349,2448
DA:353,2448
DA:357,2448
DA:362,2448
DA:366,2448
DA:371,2448
DA:374,2448
DA:379,2448
DA:384,2448
DA:385,2448
DA:386,2448
DA:392,2448
DA:393,2448
DA:394,2448
DA:395,2448
DA:404,2448
DA:408,2448
DA:412,2448
DA:417,2448
DA:418,2448
DA:419,2448
DA:420,2448
DA:423,2448
DA:425,2448
DA:428,2448
DA:429,2448
DA:430,2448
DA:431,2448
DA:434,2448
DA:438,2448
DA:439,2448
DA:440,2448
DA:443,2448
DA:448,2448
DA:452,2448
DA:453,2448
DA:454,2448
DA:457,2448
DA:458,2448
DA:462,2448
DA:463,2448
DA:464,2448
DA:465,2448
DA:466,2448
DA:468,2448
DA:469,2448
DA:474,2448
DA:479,2448
DA:487,2448
DA:489,2448
DA:494,2448
DA:495,2448
DA:496,2448
DA:500,2448
DA:501,2448
DA:504,2448
DA:516,2448
DA:517,2448
DA:518,2448
DA:522,2448
DA:528,2448
DA:532,2448
DA:536,2448
DA:542,2448
DA:543,2448
DA:544,2448
DA:545,2448
DA:546,2448
DA:548,2448
DA:554,2448
DA:555,2448
DA:556,2448
DA:559,2448
DA:563,2448
DA:564,2448
DA:565,2448
DA:566,2448
DA:567,2448
DA:569,2448
DA:575,2448
DA:580,2448
DA:581,2448
DA:582,2448
DA:585,2448
DA:589,2448
DA:590,2448
DA:593,2448
DA:596,2448
DA:601,2448
DA:602,2448
DA:603,2448
DA:606,2448
DA:610,2448
DA:614,2448
DA:620,2448
DA:625,2448
DA:629,2448
DA:631,2448
DA:634,2448
DA:637,2448
DA:642,2448
DA:643,2448
DA:644,2448
DA:646,2448
DA:647,2448
DA:655,2448
DA:656,2448
DA:657,2448
DA:658,2448
DA:660,2448
DA:669,2448
DA:673,2448
DA:675,2448
DA:676,2448
DA:677,2448
DA:678,2448
DA:682,2448
DA:684,2448
DA:689,2448
DA:691,2448
DA:696,2448
DA:698,2448
DA:701,2448
DA:706,2448
DA:710,2448
DA:713,2448
DA:717,2448
DA:718,2448
DA:720,2448
DA:723,2448
DA:724,2448
DA:725,2448
DA:727,2448
DA:730,2448
DA:735,2448
DA:736,2448
DA:737,2448
DA:742,2448
DA:745,2448
DA:746,2448
DA:748,2448
DA:754,2448
DA:761,2448
DA:768,2448
DA:775,2448
DA:782,2448
DA:783,2448
DA:784,2448
DA:785,2448
DA:786,2448
DA:790,2448
DA:792,2448
DA:796,2448
DA:800,2448
DA:801,2448
DA:802,2448
DA:803,2448
DA:804,2448
DA:809,2448
DA:820,2448
DA:824,2448
DA:825,2448
DA:828,2448
DA:832,2448
DA:837,2448
DA:838,2448
DA:839,2448
DA:844,2448
DA:848,2448
DA:853,2448
DA:855,2448
DA:860,2448
DA:864,2448
DA:869,2448
DA:874,2448
DA:875,2448
DA:878,2448
DA:884,2448
DA:894,2448
DA:898,2448
DA:899,2448
DA:903,2448
DA:909,2448
DA:910,2448
DA:914,2448
DA:918,2448
DA:919,2448
DA:922,2448
DA:924,2448
DA:926,2448
DA:931,2448
DA:932,2448
DA:946,2448
DA:947,2448
DA:948,2448
DA:949,2448
DA:950,2448
DA:951,2448
DA:952,2448
DA:966,2448
LF:323
LH:323
BRDA:15,0,0,2448
BRDA:35,1,0,2448
BRDA:168,2,0,2448
BRDA:223,3,0,2448
BRDA:384,4,0,2448
BRDA:494,5,0,2448
BRDA:580,6,0,2448
BRDA:642,7,0,2448
BRDA:735,8,0,2448
BRDA:837,9,0,2448
BRDA:931,10,0,2448
BRF:11
BRH:11
end_of_record
TN:
SF:src/renderer/styles.ts
FN:17,generateStyles
FN:34,generateCssVariables
FN:58,generateBaseStyles
FN:76,generateGridClasses
FN:124,generateSpacingClasses
FN:171,generateFlexClasses
FN:208,generateLayoutClasses
FNF:7
FNH:7
FNDA:2441,generateStyles
FNDA:2441,generateCssVariables
FNDA:2441,generateBaseStyles
FNDA:2441,generateGridClasses
FNDA:2441,generateSpacingClasses
FNDA:2441,generateFlexClasses
FNDA:2441,generateLayoutClasses
DA:8,1
DA:17,1
DA:18,2441
DA:19,2441
DA:20,2441
DA:21,2441
DA:22,2441
DA:23,2441
DA:24,2441
DA:25,2441
DA:26,2441
DA:28,2441
DA:29,2441
DA:34,2441
DA:35,2441
DA:37,2441
DA:38,2441
DA:39,2441
DA:40,2441
DA:41,2441
DA:42,2441
DA:43,2441
DA:44,2441
DA:45,2441
DA:46,2441
DA:47,2441
DA:48,2441
DA:49,2441
DA:50,2441
DA:51,2441
DA:53,2441
DA:58,2441
DA:59,2441
DA:60,2441
DA:61,2441
DA:62,2441
DA:63,2441
DA:68,2441
DA:71,2441
DA:76,2441
DA:77,2441
DA:78,2441
DA:79,2441
DA:82,2441
DA:83,2441
DA:86,2441
DA:88,2441
DA:89,2441
DA:96,2441
DA:97,29292
DA:98,29292
DA:99,29292
DA:102,2441
DA:103,2441
DA:104,2441
DA:105,2441
DA:106,2441
DA:107,2441
DA:109,2441
DA:110,9764
DA:111,9764
DA:112,117168
DA:113,117168
DA:114,117168
DA:115,9764
DA:116,9764
DA:118,2441
DA:119,2441
DA:124,2441
DA:125,2441
DA:126,2441
DA:127,2441
DA:128,2441
DA:129,2441
DA:130,2441
DA:131,2441
DA:132,2441
DA:133,2441
DA:134,2441
DA:135,2441
DA:136,2441
DA:137,2441
DA:138,2441
DA:139,2441
DA:140,2441
DA:142,2441
DA:143,2441
DA:144,2441
DA:145,2441
DA:146,2441
DA:147,2441
DA:149,2441
DA:151,2441
DA:152,34174
DA:153,410088
DA:154,117168
DA:155,117168
DA:156,410088
DA:157,292920
DA:158,292920
DA:159,410088
DA:160,34174
DA:163,2441
DA:165,2441
DA:166,2441
DA:171,2441
DA:172,2441
DA:173,2441
DA:174,2441
DA:175,2441
DA:176,2441
DA:177,2441
DA:178,2441
DA:179,2441
DA:180,2441
DA:181,2441
DA:182,2441
DA:183,2441
DA:184,2441
DA:185,2441
DA:186,2441
DA:187,2441
DA:188,2441
DA:189,2441
DA:190,2441
DA:191,2441
DA:192,2441
DA:193,2441
DA:194,2441
DA:195,2441
DA:196,2441
DA:197,2441
DA:198,2441
DA:199,2441
DA:200,2441
DA:201,2441
DA:202,2441
DA:203,2441
DA:208,2441
DA:209,2441
DA:210,2441
DA:211,2441
DA:215,2441
DA:219,2441
DA:224,2441
DA:225,2441
DA:229,2441
DA:233,2441
DA:235,2441
DA:239,2441
DA:241,2441
DA:244,2441
DA:247,2441
LF:153
LH:153
BRDA:17,0,0,2441
BRDA:34,1,0,2441
BRDA:58,2,0,2441
BRDA:76,3,0,2441
BRDA:77,4,0,0
BRDA:96,5,0,29292
BRDA:109,6,0,9764
BRDA:111,7,0,117168
BRDA:124,8,0,2441
BRDA:151,9,0,34174
BRDA:152,10,0,410088
BRDA:153,11,0,117168
BRDA:156,12,0,292920
BRDA:155,13,0,234336
BRDA:171,14,0,2441
BRDA:208,15,0,2441
BRF:16
BRH:15
end_of_record
TN:
SF:src/renderer/html/base.ts
FN:31,<instance_members_initializer>
FN:34,BaseRenderer
FN:50,buildTheme
FN:57,render
FN:72,renderDocument
FN:93,get prefix
FN:100,indent
FN:115,withDepth
FN:125,escapeHtml
FN:140,buildClassString
FN:147,buildAttrsString
FN:168,minifyHtml
FN:178,minifyCss
FNF:13
FNH:13
FNDA:2437,<instance_members_initializer>
FNDA:2437,BaseRenderer
FNDA:2437,buildTheme
FNDA:2436,render
FNDA:2436,renderDocument
FNDA:62128,get prefix
FNDA:26712,indent
FNDA:15903,withDepth
FNDA:14693,escapeHtml
FNDA:29139,buildClassString
FNDA:84,buildAttrsString
FNDA:2,minifyHtml
FNDA:2,minifyCss
DA:9,1
DA:10,1
DA:15,1
DA:16,1
DA:17,1
DA:18,1
DA:19,1
DA:20,1
DA:21,1
DA:31,1
DA:32,2437
DA:34,2437
DA:35,2437
DA:36,2437
DA:37,2437
DA:38,2437
DA:40,2437
DA:41,2437
DA:42,2437
DA:43,2437
DA:44,2437
DA:45,2437
DA:50,2437
DA:51,2437
DA:52,2437
DA:57,2437
DA:58,2436
DA:59,2436
DA:60,2435
DA:61,1
DA:63,2436
DA:64,2436
DA:65,2436
DA:66,2436
DA:67,2436
DA:72,2437
DA:73,2436
DA:74,2436
DA:75,2436
DA:77,2436
DA:78,2436
DA:93,2437
DA:94,62128
DA:95,62128
DA:100,2437
DA:101,26712
DA:102,1
DA:103,1
DA:105,26711
DA:106,26711
DA:107,26711
DA:108,26711
DA:109,26711
DA:110,26712
DA:115,2437
DA:116,15903
DA:117,15903
DA:118,15903
DA:119,15903
DA:120,15903
DA:125,2437
DA:126,14693
DA:127,14693
DA:128,14693
DA:129,14693
DA:130,14693
DA:131,14693
DA:132,14693
DA:134,14693
DA:135,14693
DA:140,2437
DA:141,29139
DA:142,29139
DA:147,2437
DA:148,84
DA:150,84
DA:151,320
DA:152,158
DA:153,158
DA:155,320
DA:156,12
DA:157,320
DA:158,150
DA:159,150
DA:160,320
DA:162,84
DA:163,84
DA:168,2437
DA:169,2
DA:170,2
DA:171,2
DA:172,2
DA:173,2
DA:178,2437
DA:179,2
DA:180,2
DA:181,2
DA:182,2
DA:183,2
DA:184,2
DA:185,2
DA:186,2437
LF:102
LH:102
BRDA:31,0,0,2437
BRDA:34,1,0,2437
BRDA:50,2,0,2437
BRDA:51,3,0,5
BRDA:51,4,0,2432
BRDA:57,5,0,2436
BRDA:59,6,0,2435
BRDA:60,7,0,1
BRDA:64,8,0,2
BRDA:64,9,0,2434
BRDA:65,10,0,2
BRDA:65,11,0,2434
BRDA:72,12,0,2436
BRDA:75,13,0,2
BRDA:75,14,0,2434
BRDA:74,15,0,2436
BRDA:93,16,0,62128
BRDA:100,17,0,26712
BRDA:101,18,0,1
BRDA:103,19,0,26711
BRDA:108,20,0,125287
BRDA:108,21,0,125229
BRDA:108,22,0,58
BRDA:115,23,0,15903
BRDA:125,24,0,14693
BRDA:134,25,0,43
BRDA:134,26,0,0
BRDA:140,27,0,29139
BRDA:147,28,0,84
BRDA:150,29,0,320
BRDA:151,30,0,162
BRDA:151,31,0,231
BRDA:151,32,0,158
BRDA:153,33,0,162
BRDA:155,34,0,12
BRDA:157,35,0,150
BRDA:162,36,0,0
BRDA:168,37,0,2
BRDA:178,38,0,2
BRF:39
BRH:37
end_of_record
TN:
SF:src/renderer/html/index.ts
FN:66,HtmlRenderer
FN:73,renderPage
FN:88,renderNode
FN:204,renderChildren
FN:216,getCommonClasses
FN:263,renderHeader
FN:274,renderMain
FN:284,renderFooter
FN:295,renderSidebar
FN:306,renderSection
FN:323,renderRow
FN:333,renderCol
FN:356,buildColStyles
FN:381,renderCard
FN:395,renderModal
FN:412,renderDrawer
FN:427,renderAccordion
FN:444,renderText
FN:457,renderTitle
FN:470,renderLink
FN:493,renderInput
FN:518,renderTextarea
FN:541,renderSelect
FN:577,renderCheckbox
FN:593,renderRadio
FN:610,renderSwitch
FN:632,renderSlider
FN:661,renderButton
FN:691,renderImage
FN:706,renderPlaceholder
FN:716,renderAvatar
FN:735,renderBadge
FN:746,renderIcon
FN:761,renderTable
FN:791,renderList
FN:816,renderAlert
FN:830,renderToast
FN:841,renderProgress
FN:863,renderSpinner
FN:878,renderTooltip
FN:893,renderPopover
FN:907,renderDropdown
FN:936,renderNav
FN:960,renderTabs
FN:981,renderBreadcrumb
FN:1008,renderDivider
FN:1016,createHtmlRenderer
FNF:47
FNH:43
FNDA:2437,HtmlRenderer
FNDA:2436,renderPage
FNDA:26712,renderNode
FNDA:15903,renderChildren
FNDA:29139,getCommonClasses
FNDA:1207,renderHeader
FNDA:1224,renderMain
FNDA:5,renderFooter
FNDA:7,renderSidebar
FNDA:2,renderSection
FNDA:2468,renderRow
FNDA:3680,renderCol
FNDA:3680,buildColStyles
FNDA:4865,renderCard
FNDA:5,renderModal
FNDA:1,renderDrawer
FNDA:3,renderAccordion
FNDA:5882,renderText
FNDA:6014,renderTitle
FNDA:7,renderLink
FNDA:20,renderInput
FNDA:3,renderTextarea
FNDA:4,renderSelect
FNDA:5,renderCheckbox
FNDA:2,renderRadio
FNDA:4,renderSwitch
FNDA:3,renderSlider
FNDA:33,renderButton
FNDA:3,renderImage
FNDA:2,renderPlaceholder
FNDA:1210,renderAvatar
FNDA:5,renderBadge
FNDA:2,renderIcon
FNDA:6,renderTable
FNDA:5,renderList
FNDA:8,renderAlert
FNDA:0,renderToast
FNDA:4,renderProgress
FNDA:7,renderSpinner
FNDA:0,renderTooltip
FNDA:0,renderPopover
FNDA:0,renderDropdown
FNDA:8,renderNav
FNDA:3,renderTabs
FNDA:3,renderBreadcrumb
FNDA:2,renderDivider
FNDA:2437,createHtmlRenderer
DA:53,1
DA:57,1
DA:58,1
DA:65,1
DA:66,1
DA:67,2437
DA:68,2437
DA:73,1
DA:74,2436
DA:75,2436
DA:76,2436
DA:77,2436
DA:79,2436
DA:80,2436
DA:82,2436
DA:83,2436
DA:88,1
DA:89,26712
DA:91,26712
DA:92,0
DA:93,26712
DA:94,1207
DA:95,26712
DA:96,1224
DA:97,26712
DA:98,5
DA:99,26712
DA:100,7
DA:101,26712
DA:102,2
DA:105,26712
DA:106,2468
DA:107,26712
DA:108,3680
DA:111,26712
DA:112,4865
DA:113,26712
DA:114,5
DA:115,26712
DA:116,1
DA:117,26712
DA:118,3
DA:121,26712
DA:122,5882
DA:123,26712
DA:124,6014
DA:125,26712
DA:126,7
DA:129,26712
DA:130,20
DA:131,26712
DA:132,3
DA:133,26712
DA:134,4
DA:135,26712
DA:136,5
DA:137,26712
DA:138,2
DA:139,26712
DA:140,4
DA:141,26712
DA:142,3
DA:145,26712
DA:146,33
DA:149,26712
DA:150,3
DA:151,26712
DA:152,2
DA:153,26712
DA:154,1210
DA:155,26712
DA:156,5
DA:157,26712
DA:158,2
DA:161,26712
DA:162,6
DA:163,26712
DA:164,5
DA:167,26712
DA:168,8
DA:169,26712
DA:170,0
DA:171,26712
DA:172,4
DA:173,26712
DA:174,7
DA:177,26712
DA:178,0
DA:179,26712
DA:180,0
DA:181,26712
DA:182,0
DA:185,26712
DA:186,8
DA:187,26712
DA:188,3
DA:189,26712
DA:190,3
DA:193,26712
DA:194,2
DA:196,26712
DA:197,0
DA:198,26712
DA:199,26712
DA:204,1
DA:205,15903
DA:206,15903
DA:207,15903
DA:208,15903
DA:209,15903
DA:210,15903
DA:216,1
DA:217,29139
DA:218,29139
DA:221,29139
DA:222,29139
DA:223,29139
DA:224,29139
DA:225,29139
DA:226,29139
DA:227,29139
DA:228,29139
DA:229,29139
DA:230,29139
DA:231,29139
DA:232,29139
DA:233,29139
DA:234,29139
DA:237,29139
DA:238,29139
DA:239,29139
DA:240,29139
DA:241,29139
DA:242,29139
DA:245,29139
DA:246,29139
DA:247,29139
DA:248,29139
DA:249,29139
DA:250,29139
DA:251,29139
DA:252,29139
DA:253,29139
DA:254,29139
DA:256,29139
DA:257,29139
DA:263,1
DA:264,1207
DA:265,1207
DA:266,1207
DA:267,1207
DA:268,1207
DA:270,1207
DA:271,1207
DA:272,1207
DA:274,1
DA:275,1224
DA:276,1224
DA:277,1224
DA:278,1224
DA:280,1224
DA:281,1224
DA:282,1224
DA:284,1
DA:285,5
DA:286,5
DA:287,5
DA:288,5
DA:289,5
DA:291,5
DA:292,5
DA:293,5
DA:295,1
DA:296,7
DA:297,7
DA:298,7
DA:299,7
DA:300,7
DA:302,7
DA:303,7
DA:304,7
DA:306,1
DA:307,2
DA:308,2
DA:309,2
DA:310,2
DA:312,2
DA:313,2
DA:314,0
DA:315,2
DA:316,2
DA:317,2
DA:323,1
DA:324,2468
DA:325,2468
DA:326,2468
DA:327,2468
DA:329,2468
DA:330,2468
DA:331,2468
DA:333,1
DA:334,3680
DA:335,3680
DA:336,3680
DA:338,3680
DA:339,3680
DA:340,3680
DA:341,3680
DA:342,3680
DA:343,3680
DA:346,3680
DA:347,3680
DA:349,3680
DA:350,3680
DA:351,3680
DA:356,1
DA:357,3680
DA:360,3680
DA:361,1
DA:362,1
DA:365,3680
DA:366,1
DA:367,1
DA:370,3680
DA:371,2
DA:372,2
DA:374,3680
DA:375,3680
DA:381,1
DA:382,4865
DA:383,4865
DA:384,4865
DA:385,4865
DA:386,4865
DA:388,4865
DA:389,2
DA:390,4863
DA:391,4865
DA:392,4865
DA:393,4865
DA:395,1
DA:396,5
DA:397,5
DA:398,5
DA:399,5
DA:401,5
DA:402,5
DA:403,0
DA:404,5
DA:405,5
DA:406,5
DA:407,5
DA:410,5
DA:412,1
DA:413,1
DA:414,1
DA:415,1
DA:416,1
DA:417,1
DA:418,1
DA:420,1
DA:421,0
DA:422,1
DA:423,1
DA:424,1
DA:425,1
DA:427,1
DA:428,3
DA:429,3
DA:430,3
DA:431,3
DA:433,3
DA:434,3
DA:435,0
DA:436,3
DA:437,3
DA:438,3
DA:444,1
DA:445,5882
DA:446,5882
DA:447,5882
DA:448,5882
DA:449,5882
DA:450,5882
DA:451,5882
DA:452,5882
DA:454,5882
DA:455,5882
DA:457,1
DA:458,6014
DA:459,6014
DA:460,6014
DA:461,6014
DA:462,6014
DA:463,6014
DA:464,6014
DA:465,6014
DA:467,6014
DA:468,6014
DA:470,1
DA:471,7
DA:472,7
DA:473,7
DA:474,7
DA:476,7
DA:477,7
DA:478,7
DA:479,7
DA:481,7
DA:482,2
DA:483,2
DA:484,2
DA:486,7
DA:487,7
DA:493,1
DA:494,20
DA:495,20
DA:496,20
DA:497,20
DA:499,20
DA:500,20
DA:501,20
DA:502,20
DA:503,20
DA:504,20
DA:505,20
DA:506,20
DA:507,20
DA:509,20
DA:511,20
DA:512,19
DA:513,19
DA:515,1
DA:516,20
DA:518,1
DA:519,3
DA:520,3
DA:521,3
DA:522,3
DA:524,3
DA:525,3
DA:526,3
DA:527,3
DA:528,3
DA:529,3
DA:530,3
DA:532,3
DA:534,3
DA:535,3
DA:536,3
DA:538,0
DA:539,3
DA:541,1
DA:542,4
DA:543,4
DA:544,4
DA:545,4
DA:547,4
DA:548,4
DA:549,4
DA:550,4
DA:551,4
DA:553,4
DA:554,4
DA:555,13
DA:556,13
DA:557,13
DA:558,13
DA:559,13
DA:560,13
DA:561,4
DA:562,4
DA:564,4
DA:565,0
DA:566,4
DA:568,4
DA:570,4
DA:571,4
DA:572,4
DA:574,0
DA:575,4
DA:577,1
DA:578,5
DA:579,5
DA:580,5
DA:581,5
DA:582,5
DA:584,5
DA:586,5
DA:587,5
DA:588,5
DA:590,0
DA:591,5
DA:593,1
DA:594,2
DA:595,2
DA:596,2
DA:597,2
DA:598,2
DA:599,2
DA:601,2
DA:603,2
DA:604,2
DA:605,2
DA:607,0
DA:608,2
DA:610,1
DA:611,4
DA:612,4
DA:613,4
DA:614,4
DA:616,4
DA:617,4
DA:618,4
DA:619,4
DA:620,4
DA:621,4
DA:623,4
DA:625,4
DA:626,4
DA:627,4
DA:629,0
DA:630,4
DA:632,1
DA:633,3
DA:634,3
DA:635,3
DA:636,3
DA:638,3
DA:639,3
DA:640,3
DA:641,3
DA:642,3
DA:643,3
DA:644,3
DA:645,3
DA:646,3
DA:648,3
DA:650,3
DA:651,3
DA:652,3
DA:654,0
DA:655,3
DA:661,1
DA:662,33
DA:663,33
DA:664,33
DA:665,33
DA:666,33
DA:667,33
DA:668,33
DA:669,33
DA:670,33
DA:671,33
DA:672,33
DA:673,33
DA:675,33
DA:676,33
DA:677,33
DA:678,33
DA:680,33
DA:681,33
DA:682,33
DA:684,33
DA:685,33
DA:691,1
DA:692,3
DA:693,3
DA:694,3
DA:695,3
DA:697,3
DA:698,3
DA:699,3
DA:700,3
DA:701,3
DA:703,3
DA:704,3
DA:706,1
DA:707,2
DA:708,2
DA:709,2
DA:710,2
DA:712,2
DA:713,2
DA:714,2
DA:716,1
DA:717,1210
DA:718,1210
DA:719,1210
DA:720,1210
DA:721,1210
DA:723,1210
DA:724,1210
DA:725,1210
DA:726,1210
DA:727,1210
DA:728,1210
DA:729,1210
DA:730,0
DA:732,1210
DA:733,1210
DA:735,1
DA:736,5
DA:737,5
DA:738,5
DA:739,5
DA:740,5
DA:741,5
DA:743,5
DA:744,5
DA:746,1
DA:747,2
DA:748,2
DA:749,2
DA:750,2
DA:751,2
DA:754,2
DA:755,2
DA:761,1
DA:762,6
DA:763,6
DA:764,6
DA:765,6
DA:766,6
DA:767,6
DA:768,6
DA:770,6
DA:771,6
DA:772,6
DA:774,6
DA:775,6
DA:776,6
DA:777,10
DA:778,10
DA:779,24
DA:780,24
DA:781,24
DA:782,0
DA:783,10
DA:784,10
DA:785,6
DA:786,6
DA:788,6
DA:789,6
DA:791,1
DA:792,5
DA:793,5
DA:794,5
DA:795,5
DA:796,5
DA:797,5
DA:798,5
DA:800,5
DA:801,5
DA:802,12
DA:803,12
DA:804,12
DA:805,0
DA:806,5
DA:807,5
DA:809,5
DA:810,5
DA:816,1
DA:817,8
DA:818,8
DA:819,8
DA:820,8
DA:821,8
DA:823,8
DA:824,2
DA:825,6
DA:827,8
DA:828,8
DA:830,1
DA:831,0
DA:832,0
DA:833,0
DA:834,0
DA:835,0
DA:836,0
DA:838,0
DA:839,0
DA:841,1
DA:842,4
DA:843,4
DA:844,4
DA:845,4
DA:847,4
DA:848,4
DA:849,4
DA:851,4
DA:853,4
DA:854,0
DA:855,0
DA:857,4
DA:858,4
DA:859,4
DA:861,4
DA:863,1
DA:864,7
DA:865,7
DA:866,7
DA:867,7
DA:868,7
DA:870,7
DA:871,7
DA:872,7
DA:878,1
DA:879,0
DA:880,0
DA:881,0
DA:882,0
DA:884,0
DA:885,0
DA:887,0
DA:888,0
DA:889,0
DA:891,0
DA:893,1
DA:894,0
DA:895,0
DA:896,0
DA:897,0
DA:899,0
DA:900,0
DA:901,0
DA:902,0
DA:904,0
DA:905,0
DA:907,1
DA:908,0
DA:909,0
DA:910,0
DA:911,0
DA:913,0
DA:914,0
DA:915,0
DA:916,0
DA:917,0
DA:919,0
DA:920,0
DA:921,0
DA:922,0
DA:923,0
DA:924,0
DA:925,0
DA:926,0
DA:927,0
DA:929,0
DA:930,0
DA:936,1
DA:937,8
DA:938,8
DA:939,8
DA:940,8
DA:941,8
DA:943,8
DA:944,8
DA:945,18
DA:946,18
DA:947,18
DA:948,0
DA:949,0
DA:950,18
DA:951,18
DA:952,18
DA:953,18
DA:954,8
DA:955,8
DA:957,8
DA:958,8
DA:960,1
DA:961,3
DA:962,3
DA:963,3
DA:964,3
DA:966,3
DA:967,3
DA:968,7
DA:969,7
DA:970,7
DA:971,3
DA:972,3
DA:974,3
DA:975,3
DA:976,3
DA:979,3
DA:981,1
DA:982,3
DA:983,3
DA:984,3
DA:985,3
DA:987,3
DA:988,3
DA:989,8
DA:990,8
DA:991,8
DA:992,3
DA:993,5
DA:994,8
DA:995,0
DA:996,0
DA:997,0
DA:998,3
DA:999,3
DA:1001,3
DA:1002,3
DA:1008,1
DA:1009,2
DA:1010,2
DA:1011,1
DA:1016,1
DA:1017,2437
DA:1018,2437
LF:714
LH:639
BRDA:66,0,0,2437
BRDA:73,1,0,2436
BRDA:80,2,0,1210
BRDA:80,3,0,1226
BRDA:88,4,0,26712
BRDA:91,5,0,0
BRDA:93,6,0,1207
BRDA:95,7,0,1224
BRDA:97,8,0,5
BRDA:99,9,0,7
BRDA:101,10,0,2
BRDA:105,11,0,2468
BRDA:107,12,0,3680
BRDA:111,13,0,4865
BRDA:113,14,0,5
BRDA:115,15,0,1
BRDA:117,16,0,3
BRDA:121,17,0,5882
BRDA:123,18,0,6014
BRDA:125,19,0,7
BRDA:129,20,0,20
BRDA:131,21,0,3
BRDA:133,22,0,4
BRDA:135,23,0,5
BRDA:137,24,0,2
BRDA:139,25,0,4
BRDA:141,26,0,3
BRDA:145,27,0,33
BRDA:149,28,0,3
BRDA:151,29,0,2
BRDA:153,30,0,1210
BRDA:155,31,0,5
BRDA:157,32,0,2
BRDA:161,33,0,6
BRDA:163,34,0,5
BRDA:167,35,0,8
BRDA:169,36,0,0
BRDA:171,37,0,4
BRDA:173,38,0,7
BRDA:177,39,0,0
BRDA:179,40,0,0
BRDA:181,41,0,0
BRDA:185,42,0,8
BRDA:187,43,0,3
BRDA:189,44,0,3
BRDA:193,45,0,2
BRDA:196,46,0,0
BRDA:204,47,0,15903
BRDA:205,48,0,15903
BRDA:207,49,0,26712
BRDA:216,50,0,29139
BRDA:221,51,0,3611
BRDA:222,52,0,1
BRDA:223,53,0,1
BRDA:224,54,0,1
BRDA:225,55,0,1
BRDA:226,56,0,1
BRDA:227,57,0,1
BRDA:228,58,0,2
BRDA:229,59,0,1
BRDA:230,60,0,1
BRDA:231,61,0,2
BRDA:232,62,0,1
BRDA:233,63,0,27
BRDA:234,64,0,1
BRDA:237,65,0,1
BRDA:238,66,0,1
BRDA:239,67,0,0
BRDA:240,68,0,0
BRDA:241,69,0,0
BRDA:242,70,0,0
BRDA:245,71,0,1
BRDA:246,72,0,0
BRDA:247,73,0,2
BRDA:248,74,0,0
BRDA:249,75,0,0
BRDA:250,76,0,1218
BRDA:251,77,0,12
BRDA:252,78,0,1
BRDA:253,79,0,0
BRDA:254,80,0,1212
BRDA:263,81,0,1207
BRDA:266,82,0,0
BRDA:274,83,0,1224
BRDA:284,84,0,5
BRDA:287,85,0,0
BRDA:295,86,0,7
BRDA:298,87,0,1
BRDA:298,88,0,6
BRDA:306,89,0,2
BRDA:313,90,0,0
BRDA:323,91,0,2468
BRDA:333,92,0,3680
BRDA:336,93,0,3653
BRDA:336,94,0,27
BRDA:338,95,0,5
BRDA:338,96,0,3675
BRDA:339,97,0,7
BRDA:339,98,0,3673
BRDA:340,99,0,3
BRDA:340,100,0,3677
BRDA:341,101,0,1
BRDA:341,102,0,3679
BRDA:347,103,0,4
BRDA:347,104,0,3676
BRDA:356,105,0,3680
BRDA:360,106,0,1
BRDA:365,107,0,1
BRDA:370,108,0,2
BRDA:381,109,0,4865
BRDA:384,110,0,2
BRDA:384,111,0,4863
BRDA:388,112,0,2
BRDA:389,113,0,4863
BRDA:395,114,0,5
BRDA:402,115,0,0
BRDA:412,116,0,1
BRDA:413,117,0,0
BRDA:420,118,0,0
BRDA:427,119,0,3
BRDA:434,120,0,0
BRDA:444,121,0,5882
BRDA:447,122,0,2
BRDA:447,123,0,5880
BRDA:448,124,0,1
BRDA:448,125,0,5881
BRDA:449,126,0,1
BRDA:449,127,0,5881
BRDA:450,128,0,7
BRDA:450,129,0,5875
BRDA:457,130,0,6014
BRDA:458,131,0,4795
BRDA:462,132,0,0
BRDA:463,133,0,0
BRDA:470,134,0,7
BRDA:478,135,0,0
BRDA:481,136,0,2
BRDA:493,137,0,20
BRDA:501,138,0,10
BRDA:511,139,0,19
BRDA:513,140,0,1
BRDA:518,141,0,3
BRDA:529,142,0,2
BRDA:536,143,0,0
BRDA:541,144,0,4
BRDA:564,145,0,0
BRDA:572,146,0,0
BRDA:554,147,0,13
BRDA:556,148,0,0
BRDA:558,149,0,0
BRDA:559,150,0,0
BRDA:577,151,0,5
BRDA:588,152,0,0
BRDA:593,153,0,2
BRDA:605,154,0,0
BRDA:610,155,0,4
BRDA:627,156,0,0
BRDA:632,157,0,3
BRDA:643,158,0,0
BRDA:644,159,0,2
BRDA:652,160,0,0
BRDA:661,161,0,33
BRDA:664,162,0,10
BRDA:664,163,0,23
BRDA:665,164,0,2
BRDA:665,165,0,31
BRDA:666,166,0,2
BRDA:666,167,0,31
BRDA:667,168,0,1
BRDA:667,169,0,32
BRDA:668,170,0,2
BRDA:668,171,0,31
BRDA:669,172,0,5
BRDA:669,173,0,28
BRDA:670,174,0,2
BRDA:670,175,0,31
BRDA:671,176,0,1
BRDA:671,177,0,32
BRDA:680,178,0,0
BRDA:681,179,0,1
BRDA:681,180,0,32
BRDA:691,181,0,3
BRDA:699,182,0,1
BRDA:700,183,0,0
BRDA:706,184,0,2
BRDA:712,185,0,0
BRDA:716,186,0,1210
BRDA:719,187,0,5
BRDA:719,188,0,1205
BRDA:729,189,0,0
BRDA:732,190,0,0
BRDA:726,191,0,1213
BRDA:735,192,0,5
BRDA:738,193,0,1
BRDA:738,194,0,4
BRDA:739,195,0,2
BRDA:739,196,0,3
BRDA:746,197,0,2
BRDA:749,198,0,0
BRDA:761,199,0,6
BRDA:764,200,0,2
BRDA:764,201,0,4
BRDA:765,202,0,1
BRDA:765,203,0,5
BRDA:766,204,0,1
BRDA:766,205,0,5
BRDA:771,206,0,13
BRDA:776,207,0,10
BRDA:778,208,0,24
BRDA:781,209,0,0
BRDA:791,210,0,5
BRDA:792,211,0,2
BRDA:792,212,0,3
BRDA:795,213,0,2
BRDA:795,214,0,3
BRDA:796,215,0,0
BRDA:801,216,0,12
BRDA:804,217,0,0
BRDA:816,218,0,8
BRDA:819,219,0,2
BRDA:819,220,0,6
BRDA:823,221,0,2
BRDA:824,222,0,6
BRDA:841,223,0,4
BRDA:847,224,0,0
BRDA:848,225,0,2
BRDA:851,226,0,0
BRDA:853,227,0,0
BRDA:863,228,0,7
BRDA:866,229,0,3
BRDA:866,230,0,4
BRDA:870,231,0,5
BRDA:936,232,0,8
BRDA:939,233,0,5
BRDA:939,234,0,3
BRDA:944,235,0,18
BRDA:947,236,0,0
BRDA:950,237,0,0
BRDA:951,238,0,0
BRDA:951,239,0,0
BRDA:953,240,0,0
BRDA:960,241,0,3
BRDA:967,242,0,7
BRDA:969,243,0,3
BRDA:969,244,0,4
BRDA:981,245,0,3
BRDA:988,246,0,8
BRDA:991,247,0,3
BRDA:992,248,0,5
BRDA:994,249,0,0
BRDA:996,250,0,0
BRDA:1008,251,0,2
BRDA:1016,252,0,2437
BRF:253
BRH:199
end_of_record
TN:
SF:src/renderer/svg/index.ts
FN:60,<instance_members_initializer>
FN:67,SvgRenderer
FN:83,render
FN:107,generateDefs
FN:120,renderPage
FN:138,renderPageTitle
FN:149,renderNode
FN:238,renderRow
FN:274,renderCol
FN:278,renderHeader
FN:295,renderMain
FN:299,renderFooter
FN:316,renderSidebar
FN:338,renderCard
FN:370,renderModal
FN:406,renderText
FN:417,renderTitle
FN:427,renderLink
FN:439,renderInput
FN:465,renderTextarea
FN:491,renderSelect
FN:518,renderCheckbox
FN:542,renderRadio
FN:567,renderSwitch
FN:598,renderButton
FN:636,renderImage
FN:653,renderPlaceholder
FN:668,renderAvatar
FN:686,renderBadge
FN:709,renderTable
FN:747,renderList
FN:772,renderAlert
FN:787,renderProgress
FN:815,renderSpinner
FN:835,renderNav
FN:868,renderTabs
FN:892,renderBreadcrumb
FN:926,getFontSize
FN:940,getTitleFontSize
FN:952,escapeXml
FN:965,createSvgRenderer
FN:972,renderToSvg
FNF:42
FNH:32
FNDA:237,<instance_members_initializer>
FNDA:237,SvgRenderer
FNDA:237,render
FNDA:237,generateDefs
FNDA:237,renderPage
FNDA:129,renderPageTitle
FNDA:1974,renderNode
FNDA:204,renderRow
FNDA:303,renderCol
FNDA:103,renderHeader
FNDA:103,renderMain
FNDA:3,renderFooter
FNDA:1,renderSidebar
FNDA:309,renderCard
FNDA:0,renderModal
FNDA:418,renderText
FNDA:410,renderTitle
FNDA:0,renderLink
FNDA:2,renderInput
FNDA:0,renderTextarea
FNDA:0,renderSelect
FNDA:1,renderCheckbox
FNDA:0,renderRadio
FNDA:0,renderSwitch
FNDA:6,renderButton
FNDA:0,renderImage
FNDA:0,renderPlaceholder
FNDA:101,renderAvatar
FNDA:1,renderBadge
FNDA:2,renderTable
FNDA:2,renderList
FNDA:1,renderAlert
FNDA:1,renderProgress
FNDA:0,renderSpinner
FNDA:2,renderNav
FNDA:0,renderTabs
FNDA:1,renderBreadcrumb
FNDA:418,getFontSize
FNDA:410,getTitleFontSize
FNDA:1010,escapeXml
FNDA:1,createSvgRenderer
FNDA:235,renderToSvg
DA:43,1
DA:60,1
DA:61,237
DA:62,237
DA:63,237
DA:64,237
DA:65,237
DA:67,237
DA:68,237
DA:69,237
DA:70,237
DA:71,237
DA:72,237
DA:73,237
DA:74,237
DA:75,237
DA:76,237
DA:77,237
DA:78,237
DA:83,237
DA:84,237
DA:85,237
DA:87,237
DA:88,237
DA:90,237
DA:91,237
DA:93,237
DA:95,237
DA:96,237
DA:97,237
DA:101,237
DA:102,237
DA:107,237
DA:108,237
DA:110,237
DA:112,237
DA:115,237
DA:120,237
DA:121,237
DA:124,237
DA:125,129
DA:126,129
DA:128,237
DA:129,337
DA:130,337
DA:132,237
DA:133,237
DA:138,237
DA:139,129
DA:140,129
DA:141,129
DA:143,129
DA:144,129
DA:149,237
DA:150,1974
DA:152,1974
DA:153,204
DA:154,1974
DA:155,303
DA:156,1974
DA:157,103
DA:158,1974
DA:159,103
DA:160,1974
DA:161,3
DA:162,1974
DA:163,1
DA:166,1974
DA:167,309
DA:168,1974
DA:169,0
DA:172,1974
DA:173,418
DA:174,1974
DA:175,410
DA:176,1974
DA:177,0
DA:180,1974
DA:181,2
DA:182,1974
DA:183,0
DA:184,1974
DA:185,0
DA:186,1974
DA:187,1
DA:188,1974
DA:189,0
DA:190,1974
DA:191,0
DA:194,1974
DA:195,6
DA:198,1974
DA:199,0
DA:200,1974
DA:201,0
DA:202,1974
DA:203,101
DA:204,1974
DA:205,1
DA:208,1974
DA:209,2
DA:210,1974
DA:211,2
DA:214,1974
DA:215,1
DA:216,1974
DA:217,1
DA:218,1974
DA:219,0
DA:222,1974
DA:223,2
DA:224,1974
DA:225,0
DA:226,1974
DA:227,1
DA:229,1974
DA:230,0
DA:231,1974
DA:232,1974
DA:238,237
DA:239,204
DA:240,204
DA:241,204
DA:244,204
DA:245,508
DA:246,305
DA:247,305
DA:248,203
DA:249,204
DA:251,204
DA:252,204
DA:254,204
DA:255,508
DA:256,508
DA:257,508
DA:259,508
DA:261,508
DA:262,508
DA:264,508
DA:265,508
DA:266,508
DA:268,204
DA:269,204
DA:271,204
DA:272,204
DA:274,237
DA:275,303
DA:276,303
DA:278,237
DA:279,103
DA:280,103
DA:281,103
DA:283,103
DA:284,103
DA:285,103
DA:286,103
DA:288,103
DA:289,103
DA:290,103
DA:291,103
DA:293,103
DA:295,237
DA:296,103
DA:297,103
DA:299,237
DA:300,3
DA:301,3
DA:302,3
DA:304,3
DA:305,3
DA:306,3
DA:307,3
DA:309,3
DA:310,3
DA:311,3
DA:312,3
DA:314,3
DA:316,237
DA:317,1
DA:318,1
DA:319,1
DA:320,1
DA:322,1
DA:323,1
DA:324,1
DA:325,1
DA:327,1
DA:328,1
DA:329,1
DA:330,1
DA:332,1
DA:338,237
DA:339,309
DA:340,309
DA:341,309
DA:343,309
DA:344,309
DA:347,309
DA:348,309
DA:349,1
DA:350,1
DA:351,1
DA:352,1
DA:354,309
DA:355,309
DA:356,309
DA:358,309
DA:360,309
DA:361,309
DA:362,309
DA:363,309
DA:364,309
DA:365,309
DA:368,309
DA:370,237
DA:371,0
DA:372,0
DA:373,0
DA:374,0
DA:376,0
DA:377,0
DA:378,0
DA:379,0
DA:381,0
DA:382,0
DA:383,0
DA:384,0
DA:386,0
DA:388,0
DA:389,0
DA:391,0
DA:394,0
DA:395,0
DA:396,0
DA:397,0
DA:400,0
DA:406,237
DA:407,418
DA:408,418
DA:409,418
DA:411,418
DA:412,418
DA:414,418
DA:415,418
DA:417,237
DA:418,410
DA:419,410
DA:421,410
DA:422,410
DA:424,410
DA:425,410
DA:427,237
DA:428,0
DA:429,0
DA:430,0
DA:432,0
DA:433,0
DA:439,237
DA:440,2
DA:441,2
DA:442,2
DA:443,2
DA:445,2
DA:447,2
DA:448,2
DA:449,2
DA:450,2
DA:452,2
DA:454,2
DA:455,2
DA:456,2
DA:457,2
DA:460,2
DA:462,2
DA:463,2
DA:465,237
DA:466,0
DA:467,0
DA:468,0
DA:469,0
DA:471,0
DA:473,0
DA:474,0
DA:475,0
DA:476,0
DA:478,0
DA:480,0
DA:481,0
DA:482,0
DA:483,0
DA:486,0
DA:488,0
DA:489,0
DA:491,237
DA:492,0
DA:493,0
DA:494,0
DA:495,0
DA:497,0
DA:499,0
DA:500,0
DA:501,0
DA:502,0
DA:504,0
DA:506,0
DA:507,0
DA:508,0
DA:509,0
DA:510,0
DA:513,0
DA:515,0
DA:516,0
DA:518,237
DA:519,1
DA:520,1
DA:521,1
DA:523,1
DA:524,1
DA:525,1
DA:527,1
DA:528,1
DA:529,1
DA:531,1
DA:532,1
DA:533,1
DA:535,1
DA:537,1
DA:539,1
DA:540,1
DA:542,237
DA:543,0
DA:544,0
DA:545,0
DA:546,0
DA:548,0
DA:549,0
DA:550,0
DA:552,0
DA:553,0
DA:554,0
DA:556,0
DA:557,0
DA:558,0
DA:560,0
DA:562,0
DA:564,0
DA:565,0
DA:567,237
DA:568,0
DA:569,0
DA:570,0
DA:571,0
DA:572,0
DA:574,0
DA:575,0
DA:576,0
DA:578,0
DA:579,0
DA:580,0
DA:581,0
DA:583,0
DA:584,0
DA:585,0
DA:587,0
DA:589,0
DA:591,0
DA:592,0
DA:598,237
DA:599,6
DA:600,6
DA:601,6
DA:602,6
DA:603,6
DA:606,6
DA:607,6
DA:608,6
DA:610,6
DA:611,0
DA:612,6
DA:613,1
DA:614,1
DA:615,1
DA:616,6
DA:617,0
DA:618,0
DA:619,0
DA:621,6
DA:623,6
DA:625,6
DA:626,6
DA:627,6
DA:628,6
DA:630,6
DA:636,237
DA:637,0
DA:638,0
DA:639,0
DA:640,0
DA:642,0
DA:644,0
DA:645,0
DA:646,0
DA:647,0
DA:648,0
DA:649,0
DA:651,0
DA:653,237
DA:654,0
DA:655,0
DA:656,0
DA:657,0
DA:659,0
DA:661,0
DA:662,0
DA:663,0
DA:664,0
DA:666,0
DA:668,237
DA:669,101
DA:670,101
DA:671,101
DA:672,101
DA:673,101
DA:675,101
DA:677,101
DA:679,101
DA:680,101
DA:681,101
DA:682,101
DA:684,101
DA:686,237
DA:687,1
DA:688,1
DA:689,1
DA:690,1
DA:691,1
DA:693,1
DA:694,1
DA:696,1
DA:698,1
DA:699,1
DA:700,1
DA:701,1
DA:703,1
DA:709,237
DA:710,2
DA:711,2
DA:712,2
DA:713,2
DA:714,2
DA:715,2
DA:716,2
DA:718,2
DA:721,2
DA:722,2
DA:723,7
DA:724,2
DA:727,2
DA:728,2
DA:729,5
DA:730,5
DA:731,5
DA:733,17
DA:734,8
DA:735,9
DA:736,17
DA:737,5
DA:738,5
DA:740,5
DA:742,5
DA:744,5
DA:745,2
DA:747,237
DA:748,2
DA:749,2
DA:750,2
DA:751,2
DA:753,2
DA:755,2
DA:756,5
DA:757,5
DA:758,5
DA:759,2
DA:761,2
DA:763,2
DA:765,2
DA:766,2
DA:772,237
DA:773,1
DA:774,1
DA:775,1
DA:776,1
DA:778,1
DA:780,1
DA:781,1
DA:782,1
DA:783,1
DA:785,1
DA:787,237
DA:788,1
DA:789,1
DA:790,1
DA:791,1
DA:793,1
DA:795,1
DA:796,1
DA:797,1
DA:798,1
DA:800,1
DA:801,1
DA:802,1
DA:804,1
DA:805,1
DA:806,1
DA:807,1
DA:810,1
DA:812,1
DA:813,1
DA:815,237
DA:816,0
DA:817,0
DA:818,0
DA:819,0
DA:820,0
DA:822,0
DA:824,0
DA:825,0
DA:826,0
DA:827,0
DA:829,0
DA:835,237
DA:836,2
DA:837,2
DA:838,2
DA:839,2
DA:841,2
DA:843,2
DA:844,1
DA:845,3
DA:846,3
DA:847,3
DA:848,3
DA:849,1
DA:850,1
DA:851,1
DA:852,1
DA:853,1
DA:854,3
DA:855,3
DA:856,3
DA:857,3
DA:858,3
DA:859,1
DA:860,1
DA:861,1
DA:863,2
DA:865,2
DA:866,2
DA:868,237
DA:869,0
DA:870,0
DA:871,0
DA:872,0
DA:874,0
DA:876,0
DA:877,0
DA:878,0
DA:879,0
DA:880,0
DA:881,0
DA:882,0
DA:883,0
DA:885,0
DA:887,0
DA:889,0
DA:890,0
DA:892,237
DA:893,1
DA:894,1
DA:895,1
DA:896,1
DA:898,1
DA:900,1
DA:901,1
DA:902,3
DA:903,3
DA:904,3
DA:906,3
DA:907,3
DA:909,3
DA:910,2
DA:911,2
DA:912,2
DA:913,1
DA:915,1
DA:917,1
DA:919,1
DA:920,1
DA:926,237
DA:927,418
DA:928,418
DA:929,418
DA:930,418
DA:931,418
DA:932,418
DA:933,418
DA:934,418
DA:935,418
DA:936,418
DA:937,418
DA:938,418
DA:940,237
DA:941,410
DA:942,410
DA:943,410
DA:944,410
DA:945,410
DA:946,410
DA:947,410
DA:948,410
DA:949,410
DA:950,410
DA:952,237
DA:953,1010
DA:954,1010
DA:955,1010
DA:956,1010
DA:957,1010
DA:958,1010
DA:959,1010
DA:960,237
DA:965,1
DA:966,1
DA:967,1
DA:972,1
DA:973,235
DA:974,235
DA:975,235
LF:638
LH:476
BRDA:60,0,0,237
BRDA:67,1,0,237
BRDA:69,2,0,233
BRDA:70,3,0,235
BRDA:71,4,0,235
BRDA:72,5,0,236
BRDA:73,6,0,235
BRDA:74,7,0,236
BRDA:83,8,0,237
BRDA:87,9,0,237
BRDA:107,10,0,237
BRDA:120,11,0,237
BRDA:124,12,0,129
BRDA:128,13,0,337
BRDA:138,14,0,129
BRDA:149,15,0,1974
BRDA:152,16,0,204
BRDA:154,17,0,303
BRDA:156,18,0,103
BRDA:158,19,0,103
BRDA:160,20,0,3
BRDA:162,21,0,1
BRDA:166,22,0,309
BRDA:168,23,0,0
BRDA:172,24,0,418
BRDA:174,25,0,410
BRDA:176,26,0,0
BRDA:180,27,0,2
BRDA:182,28,0,0
BRDA:184,29,0,0
BRDA:186,30,0,1
BRDA:188,31,0,0
BRDA:190,32,0,0
BRDA:194,33,0,6
BRDA:198,34,0,0
BRDA:200,35,0,0
BRDA:202,36,0,101
BRDA:204,37,0,1
BRDA:208,38,0,2
BRDA:210,39,0,2
BRDA:214,40,0,1
BRDA:216,41,0,1
BRDA:218,42,0,0
BRDA:222,43,0,2
BRDA:224,44,0,0
BRDA:226,45,0,1
BRDA:229,46,0,0
BRDA:238,47,0,204
BRDA:254,48,0,508
BRDA:255,49,0,305
BRDA:255,50,0,305
BRDA:255,51,0,203
BRDA:244,52,0,508
BRDA:245,53,0,305
BRDA:245,54,0,305
BRDA:247,55,0,203
BRDA:274,56,0,303
BRDA:275,57,0,303
BRDA:278,58,0,103
BRDA:285,59,0,103
BRDA:295,60,0,103
BRDA:296,61,0,104
BRDA:299,62,0,3
BRDA:306,63,0,3
BRDA:316,64,0,1
BRDA:324,65,0,1
BRDA:338,66,0,309
BRDA:348,67,0,1
BRDA:355,68,0,615
BRDA:406,69,0,418
BRDA:408,70,0,5
BRDA:408,71,0,413
BRDA:417,72,0,410
BRDA:418,73,0,306
BRDA:439,74,0,2
BRDA:452,75,0,0
BRDA:518,76,0,1
BRDA:598,77,0,6
BRDA:610,78,0,0
BRDA:612,79,0,1
BRDA:616,80,0,5
BRDA:616,81,0,0
BRDA:623,82,0,1
BRDA:623,83,0,5
BRDA:668,84,0,101
BRDA:670,85,0,0
BRDA:675,86,0,0
BRDA:686,87,0,1
BRDA:709,88,0,2
BRDA:710,89,0,0
BRDA:711,90,0,0
BRDA:712,91,0,1
BRDA:727,92,0,1
BRDA:727,93,0,1
BRDA:728,94,0,5
BRDA:722,95,0,7
BRDA:731,96,0,17
BRDA:733,97,0,8
BRDA:733,98,0,8
BRDA:734,99,0,0
BRDA:734,100,0,9
BRDA:747,101,0,2
BRDA:750,102,0,0
BRDA:751,103,0,1
BRDA:755,104,0,5
BRDA:756,105,0,2
BRDA:756,106,0,3
BRDA:757,107,0,0
BRDA:772,108,0,1
BRDA:787,109,0,1
BRDA:800,110,0,0
BRDA:801,111,0,0
BRDA:835,112,0,2
BRDA:836,113,0,0
BRDA:839,114,0,1
BRDA:843,115,0,1
BRDA:844,116,0,3
BRDA:845,117,0,0
BRDA:846,118,0,0
BRDA:847,119,0,0
BRDA:853,120,0,3
BRDA:854,121,0,0
BRDA:856,122,0,1
BRDA:856,123,0,2
BRDA:892,124,0,1
BRDA:893,125,0,0
BRDA:901,126,0,3
BRDA:902,127,0,0
BRDA:904,128,0,1
BRDA:904,129,0,2
BRDA:909,130,0,2
BRDA:926,131,0,418
BRDA:937,132,0,0
BRDA:940,133,0,410
BRDA:949,134,0,0
BRDA:952,135,0,1010
BRDA:965,136,0,1
BRDA:972,137,0,235
BRF:138
BRH:106
end_of_record
